<?xml version="1.0" encoding="UTF-8"?>
<!-- Generated by org.testng.reporters.JUnitReportReporter -->
<testsuite hostname="Avnish-PC" failures="0" tests="1" name="dhanashri.newtest.one" time="21.237" errors="0" timestamp="2024-04-12T15:28:42 IST" skipped="0">
  <testcase classname="dhanashri.newtest.one" name="loginAmezon" time="21.237"/>
  <system-out/>
</testsuite> <!-- dhanashri.newtest.one -->
