<?xml version="1.0" encoding="UTF-8"?>
<!-- Generated by org.testng.reporters.JUnitReportReporter -->
<testsuite hostname="Avnish-PC" failures="0" tests="3" name="dhanashri.newtest.three" time="5.626" errors="0" timestamp="2024-04-12T15:28:42 IST" skipped="0">
  <testcase classname="dhanashri.newtest.three" name="testregister" time="0.000"/>
  <system-out/>
  <testcase classname="dhanashri.newtest.three" name="logingoogle" time="5.620"/>
  <system-out/>
  <testcase classname="dhanashri.newtest.three" name="testcase3" time="0.006"/>
  <system-out/>
</testsuite> <!-- dhanashri.newtest.three -->
