<?xml version="1.0" encoding="UTF-8"?>
<!-- Generated by org.testng.reporters.JUnitReportReporter -->
<testsuite hostname="Avnish-PC" failures="0" tests="1" name="dhanashri.newtest.four" time="6.312" errors="0" timestamp="2024-04-12T15:28:42 IST" skipped="0">
  <testcase classname="dhanashri.newtest.four" name="facebook" time="6.312"/>
  <system-out/>
</testsuite> <!-- dhanashri.newtest.four -->
