<?xml version="1.0" encoding="UTF-8"?>
<!-- Generated by org.testng.reporters.JUnitReportReporter -->
<testsuite hostname="Avnish-PC" failures="0" tests="1" name="projectonetest.testcase_04editprofile" time="25.284" errors="0" timestamp="2024-05-09T17:51:01 IST" skipped="0">
  <testcase classname="projectonetest.testcase_04editprofile" name="editpro" time="25.284"/>
  <system-out/>
</testsuite> <!-- projectonetest.testcase_04editprofile -->
