<?xml version="1.0" encoding="UTF-8"?>
<!-- Generated by org.testng.reporters.JUnitReportReporter -->
<testsuite hostname="Avnish-PC" failures="0" tests="1" name="projectonetest.testcase_08priceandrating" time="25.861" errors="0" timestamp="2024-05-08T14:04:51 IST" skipped="0">
  <testcase classname="projectonetest.testcase_08priceandrating" name="priceandrate" time="25.861"/>
  <system-out/>
</testsuite> <!-- projectonetest.testcase_08priceandrating -->
