<?xml version="1.0" encoding="UTF-8"?>
<!-- Generated by org.testng.reporters.JUnitReportReporter -->
<testsuite hostname="Avnish-PC" failures="0" tests="1" name="projectonetest.testcase11payment" time="26.945" errors="0" timestamp="2024-05-09T16:46:49 IST" skipped="0">
  <testcase classname="projectonetest.testcase11payment" name="paymentpage" time="26.945"/>
  <system-out/>
</testsuite> <!-- projectonetest.testcase11payment -->
