<?xml version="1.0" encoding="UTF-8"?>
<!-- Generated by org.testng.reporters.JUnitReportReporter -->
<testsuite hostname="Avnish-PC" failures="0" tests="1" name="projectonetest.testcase13_coupencode" time="24.331" errors="0" timestamp="2024-05-09T18:16:54 IST" skipped="0">
  <testcase classname="projectonetest.testcase13_coupencode" name="coupenapply" time="24.331"/>
  <system-out/>
</testsuite> <!-- projectonetest.testcase13_coupencode -->
