<?xml version="1.0" encoding="UTF-8"?>
<!-- Generated by org.testng.reporters.JUnitReportReporter -->
<testsuite hostname="Avnish-PC" failures="0" tests="1" name="projectonetest.testcase14" time="13.635" errors="0" timestamp="2024-05-07T13:44:36 IST" skipped="0">
  <testcase classname="projectonetest.testcase14" name="rateandorder" time="13.635"/>
  <system-out/>
</testsuite> <!-- projectonetest.testcase14 -->
