<?xml version="1.0" encoding="UTF-8"?>
<!-- Generated by org.testng.reporters.JUnitReportReporter -->
<testsuite hostname="Avnish-PC" failures="0" tests="1" name="projectonetest.testcas_01" time="19.865" errors="0" timestamp="2024-05-09T16:17:50 IST" skipped="0">
  <testcase classname="projectonetest.testcas_01" name="signup" time="19.865"/>
  <system-out/>
</testsuite> <!-- projectonetest.testcas_01 -->
