<?xml version="1.0" encoding="UTF-8"?>
<!-- Generated by org.testng.reporters.JUnitReportReporter -->
<testsuite hostname="Avnish-PC" failures="0" tests="1" name="projectonetest.testcase_07productdetails" time="25.697" errors="0" timestamp="2024-05-08T13:27:17 IST" skipped="0">
  <testcase classname="projectonetest.testcase_07productdetails" name="productdet" time="25.697"/>
  <system-out/>
</testsuite> <!-- projectonetest.testcase_07productdetails -->
