<?xml version="1.0" encoding="UTF-8"?>
<!-- Generated by org.testng.reporters.JUnitReportReporter -->
<testsuite hostname="Avnish-PC" failures="0" tests="1" name="prathamesh.pratham.exapmle4" time="0.010" errors="0" timestamp="2024-04-05T17:24:57 IST" skipped="0">
  <testcase classname="prathamesh.pratham.exapmle4" name="testone" time="0.010"/>
  <system-out/>
</testsuite> <!-- prathamesh.pratham.exapmle4 -->
