<?xml version="1.0" encoding="UTF-8"?>
<!-- Generated by org.testng.reporters.JUnitReportReporter -->
<testsuite hostname="Avnish-PC" failures="0" tests="3" name="prathamesh.pratham.enableannotation" time="0.004" errors="0" timestamp="2024-04-05T17:24:57 IST" skipped="1">
  <testcase classname="prathamesh.pratham.enableannotation" name="enabletestcas" time="0.002"/>
  <system-out/>
  <testcase classname="prathamesh.pratham.enableannotation" name="testtwo" time="0.002"/>
  <system-out/>
  <testcase classname="prathamesh.pratham.enableannotation" name="testthre">
    <skipped/>
  </testcase> <!-- testthre -->
  <system-out/>
</testsuite> <!-- prathamesh.pratham.enableannotation -->
