<?xml version="1.0" encoding="UTF-8"?>
<!-- Generated by org.testng.reporters.JUnitReportReporter -->
<testsuite hostname="Avnish-PC" failures="0" tests="3" name="prathamesh.pratham.example8" time="0.028" errors="0" timestamp="2024-04-05T18:01:28 IST" skipped="0">
  <testcase classname="prathamesh.pratham.example8" name="testone" time="0.021"/>
  <system-out/>
  <testcase classname="prathamesh.pratham.example8" name="testthree" time="0.002"/>
  <system-out/>
  <testcase classname="prathamesh.pratham.example8" name="testtwo" time="0.005"/>
  <system-out/>
</testsuite> <!-- prathamesh.pratham.example8 -->
