<?xml version="1.0" encoding="UTF-8"?>
<!-- Generated by org.testng.reporters.JUnitReportReporter -->
<testsuite hostname="Avnish-PC" failures="0" tests="12" name="prathamesh.pratham.invocationcount" time="0.067" errors="0" timestamp="2024-04-24T11:25:45 IST" skipped="0">
  <testcase classname="prathamesh.pratham.invocationcount" name="incount" time="0.002"/>
  <system-out/>
  <testcase classname="prathamesh.pratham.invocationcount" name="incount" time="0.004"/>
  <system-out/>
  <testcase classname="prathamesh.pratham.invocationcount" name="incount2" time="0.002"/>
  <system-out/>
  <testcase classname="prathamesh.pratham.invocationcount" name="incount" time="0.008"/>
  <system-out/>
  <testcase classname="prathamesh.pratham.invocationcount" name="incount" time="0.005"/>
  <system-out/>
  <testcase classname="prathamesh.pratham.invocationcount" name="incount3" time="0.009"/>
  <system-out/>
  <testcase classname="prathamesh.pratham.invocationcount" name="incount" time="0.004"/>
  <system-out/>
  <testcase classname="prathamesh.pratham.invocationcount" name="incount" time="0.005"/>
  <system-out/>
  <testcase classname="prathamesh.pratham.invocationcount" name="incount" time="0.016"/>
  <system-out/>
  <testcase classname="prathamesh.pratham.invocationcount" name="incount" time="0.004"/>
  <system-out/>
  <testcase classname="prathamesh.pratham.invocationcount" name="incount" time="0.002"/>
  <system-out/>
  <testcase classname="prathamesh.pratham.invocationcount" name="incount" time="0.006"/>
  <system-out/>
</testsuite> <!-- prathamesh.pratham.invocationcount -->
