<?xml version="1.0" encoding="UTF-8"?>
<!-- Generated by org.testng.reporters.JUnitReportReporter -->
<testsuite hostname="Avnish-PC" failures="0" tests="3" name="prathamesh.pratham.tryone" time="0.020" errors="0" timestamp="2024-04-05T10:02:06 IST" skipped="0">
  <testcase classname="prathamesh.pratham.tryone" name="testone" time="0.013"/>
  <system-out/>
  <testcase classname="prathamesh.pratham.tryone" name="testtwo" time="0.002"/>
  <system-out/>
  <testcase classname="prathamesh.pratham.tryone" name="loginAmezon" time="0.005"/>
  <system-out/>
</testsuite> <!-- prathamesh.pratham.tryone -->
