<?xml version="1.0" encoding="UTF-8"?>
<!-- Generated by org.testng.reporters.JUnitReportReporter -->
<testsuite hostname="Avnish-PC" failures="0" tests="2" name="prathamesh.pratham.annotaioncase1" time="0.015" errors="0" timestamp="2024-04-05T17:24:57 IST" skipped="0">
  <testcase classname="prathamesh.pratham.annotaioncase1" name="testcase1" time="0.008"/>
  <system-out/>
  <testcase classname="prathamesh.pratham.annotaioncase1" name="testcase2" time="0.007"/>
  <system-out/>
</testsuite> <!-- prathamesh.pratham.annotaioncase1 -->
