<?xml version="1.0" encoding="UTF-8"?>
<!-- Generated by org.testng.reporters.JUnitReportReporter -->
<testsuite hostname="Avnish-PC" failures="0" tests="12" name="prathamesh.pratham.twoannotaion" time="0.197" errors="0" timestamp="2024-04-24T11:55:30 IST" skipped="1">
  <testcase classname="prathamesh.pratham.twoannotaion" name="testcase2" time="0.008"/>
  <system-out/>
  <testcase classname="prathamesh.pratham.twoannotaion" name="testcase2" time="0.048"/>
  <system-out/>
  <testcase classname="prathamesh.pratham.twoannotaion" name="testcase2" time="0.010"/>
  <system-out/>
  <testcase classname="prathamesh.pratham.twoannotaion" name="testcase2" time="0.007"/>
  <system-out/>
  <testcase classname="prathamesh.pratham.twoannotaion" name="testcase2" time="0.006"/>
  <system-out/>
  <testcase classname="prathamesh.pratham.twoannotaion" name="testcase2" time="0.014"/>
  <system-out/>
  <testcase classname="prathamesh.pratham.twoannotaion" name="testcase2" time="0.064"/>
  <system-out/>
  <testcase classname="prathamesh.pratham.twoannotaion" name="testcase2" time="0.004"/>
  <system-out/>
  <testcase classname="prathamesh.pratham.twoannotaion" name="testcase2" time="0.014"/>
  <system-out/>
  <testcase classname="prathamesh.pratham.twoannotaion" name="testcase2" time="0.014"/>
  <system-out/>
  <testcase classname="prathamesh.pratham.twoannotaion" name="testcase3" time="0.008"/>
  <system-out/>
  <testcase classname="prathamesh.pratham.twoannotaion" name="testcase1">
    <skipped/>
  </testcase> <!-- testcase1 -->
  <system-out/>
</testsuite> <!-- prathamesh.pratham.twoannotaion -->
