<?xml version="1.0" encoding="UTF-8"?>
<!-- Generated by org.testng.reporters.JUnitReportReporter -->
<testsuite hostname="Avnish-PC" failures="0" tests="2" name="prathamesh.pratham.timoutannotaion" time="0.574" errors="0" timestamp="2024-04-05T17:24:57 IST" skipped="0">
  <testcase classname="prathamesh.pratham.timoutannotaion" name="timeoutone" time="0.004"/>
  <system-out/>
  <testcase classname="prathamesh.pratham.timoutannotaion" name="timettwo" time="0.570"/>
  <system-out/>
</testsuite> <!-- prathamesh.pratham.timoutannotaion -->
