<?xml version="1.0" encoding="UTF-8"?>
<!-- Generated by org.testng.reporters.JUnitReportReporter -->
<testsuite hostname="Avnish-PC" failures="0" tests="2" name="prathamesh.pratham.example5" time="0.031" errors="0" timestamp="2024-04-05T17:55:18 IST" skipped="0">
  <testcase classname="prathamesh.pratham.example5" name="testtwo" time="0.019"/>
  <system-out/>
  <testcase classname="prathamesh.pratham.example5" name="testone" time="0.012"/>
  <system-out/>
</testsuite> <!-- prathamesh.pratham.example5 -->
