<?xml version="1.0" encoding="UTF-8"?>
<!-- Generated by org.testng.reporters.JUnitReportReporter -->
<testsuite hostname="Avnish-PC" failures="0" tests="1" name="prathamesh.pratham.diffrentannotion" time="0.022" errors="0" timestamp="2024-04-12T15:55:22 IST" skipped="0">
  <testcase classname="prathamesh.pratham.diffrentannotion" name="one" time="0.022"/>
  <system-out/>
</testsuite> <!-- prathamesh.pratham.diffrentannotion -->
