<?xml version="1.0" encoding="UTF-8"?>
<!-- Generated by org.testng.reporters.JUnitReportReporter -->
<testsuite hostname="Avnish-PC" failures="0" tests="3" name="prathamesh.pratham.priorityone" time="0.016" errors="0" timestamp="2024-04-05T17:24:57 IST" skipped="0">
  <testcase classname="prathamesh.pratham.priorityone" name="testone" time="0.003"/>
  <system-out/>
  <testcase classname="prathamesh.pratham.priorityone" name="loginAmezon" time="0.010"/>
  <system-out/>
  <testcase classname="prathamesh.pratham.priorityone" name="testtwo" time="0.003"/>
  <system-out/>
</testsuite> <!-- prathamesh.pratham.priorityone -->
