<?xml version="1.0" encoding="UTF-8"?>
<!-- Generated by org.testng.reporters.JUnitReportReporter -->
<testsuite hostname="Avnish-PC" failures="0" tests="3" name="testcases.testamezon.testcase_02" time="109.202" errors="0" timestamp="2024-04-15T17:11:57 IST" skipped="0">
  <testcase classname="testcases.testamezon.testcase_02" name="amezoneaddress" time="36.950"/>
  <system-out/>
  <testcase classname="testcases.testamezon.testcase_02" name="amezoneaddress" time="37.126"/>
  <system-out/>
  <testcase classname="testcases.testamezon.testcase_02" name="amezoneaddress" time="35.126"/>
  <system-out/>
</testsuite> <!-- testcases.testamezon.testcase_02 -->
