<?xml version="1.0" encoding="UTF-8"?>
<!-- Generated by org.testng.reporters.JUnitReportReporter -->
<testsuite hostname="Avnish-PC" failures="0" tests="1" name="projectonetest.testacse05_searchproudct" time="15.441" errors="0" timestamp="2024-05-08T12:19:41 IST" skipped="0">
  <testcase classname="projectonetest.testacse05_searchproudct" name="serachingtheproduct" time="15.441"/>
  <system-out/>
</testsuite> <!-- projectonetest.testacse05_searchproudct -->
