<?xml version="1.0" encoding="UTF-8"?>
<!-- Generated by org.testng.reporters.JUnitReportReporter -->
<testsuite hostname="Avnish-PC" failures="0" tests="1" name="projectonetest.testcase15_tillcart" time="19.182" errors="0" timestamp="2024-05-07T15:33:07 IST" skipped="0">
  <testcase classname="projectonetest.testcase15_tillcart" name="amezonewithoutlogin" time="19.182"/>
  <system-out/>
</testsuite> <!-- projectonetest.testcase15_tillcart -->
