<?xml version="1.0" encoding="UTF-8"?>
<!-- Generated by org.testng.reporters.JUnitReportReporter -->
<testsuite hostname="Avnish-PC" failures="0" tests="1" name="projectonetest.testcase12_paymentmode" time="25.127" errors="0" timestamp="2024-05-08T15:01:00 IST" skipped="0">
  <testcase classname="projectonetest.testcase12_paymentmode" name="paymentpage" time="25.127"/>
  <system-out/>
</testsuite> <!-- projectonetest.testcase12_paymentmode -->
