<?xml version="1.0" encoding="UTF-8"?>
<!-- Generated by org.testng.reporters.JUnitReportReporter -->
<testsuite hostname="Avnish-PC" failures="0" tests="1" name="projectonetest.removetheproduct" time="45.933" errors="0" timestamp="2024-05-09T10:43:24 IST" skipped="0">
  <testcase classname="projectonetest.removetheproduct" name="delproduct" time="45.933"/>
  <system-out/>
</testsuite> <!-- projectonetest.removetheproduct -->
