<?xml version="1.0" encoding="UTF-8"?>
<!-- Generated by org.testng.reporters.JUnitReportReporter -->
<testsuite hostname="Avnish-PC" failures="0" tests="1" name="projectonetest.testcase_02signin" time="12.300" errors="0" timestamp="2024-05-08T12:19:41 IST" skipped="0">
  <testcase classname="projectonetest.testcase_02signin" name="signinamezon" time="12.300"/>
  <system-out/>
</testsuite> <!-- projectonetest.testcase_02signin -->
