<?xml version="1.0" encoding="UTF-8"?>
<!-- Generated by org.testng.reporters.JUnitReportReporter -->
<testsuite hostname="Avnish-PC" failures="0" tests="1" name="projectonetest.testcase13_coupencode" time="36.020" errors="0" timestamp="2024-05-16T16:05:22 IST" skipped="0">
  <testcase classname="projectonetest.testcase13_coupencode" name="coupenapply" time="36.020"/>
  <system-out/>
</testsuite> <!-- projectonetest.testcase13_coupencode -->
