<?xml version="1.0" encoding="UTF-8"?>
<!-- Generated by org.testng.reporters.JUnitReportReporter -->
<testsuite hostname="Avnish-PC" failures="0" tests="1" name="projectonetest.testcase_04editprofile" time="23.156" errors="0" timestamp="2024-05-16T16:05:22 IST" skipped="0">
  <testcase classname="projectonetest.testcase_04editprofile" name="editpro" time="23.156"/>
  <system-out/>
</testsuite> <!-- projectonetest.testcase_04editprofile -->
