<?xml version="1.0" encoding="UTF-8"?>
<!-- Generated by org.testng.reporters.JUnitReportReporter -->
<testsuite hostname="Avnish-PC" failures="0" tests="2" name="projectonetest.testcase11payment" time="79.354" errors="0" timestamp="2024-05-16T16:05:22 IST" skipped="1">
  <testcase classname="projectonetest.testcase11payment" name="paymentpage" time="47.607"/>
  <system-out/>
  <testcase classname="projectonetest.testcase11payment" name="paymentpage" time="31.747">
    <skipped/>
  </testcase> <!-- paymentpage -->
  <system-out/>
</testsuite> <!-- projectonetest.testcase11payment -->
