<?xml version="1.0" encoding="UTF-8"?>
<!-- Generated by org.testng.reporters.JUnitReportReporter -->
<testsuite hostname="Avnish-PC" failures="0" tests="1" name="projectonetest.invaliduser" time="15.670" errors="0" timestamp="2024-05-16T16:05:22 IST" skipped="0">
  <testcase classname="projectonetest.invaliduser" name="invaliddata" time="15.670"/>
  <system-out/>
</testsuite> <!-- projectonetest.invaliduser -->
