<?xml version="1.0" encoding="UTF-8"?>
<!-- Generated by org.testng.reporters.JUnitReportReporter -->
<testsuite hostname="Avnish-PC" failures="0" tests="1" name="projectonetest.testcase_02signin" time="17.671" errors="0" timestamp="2024-05-16T16:05:22 IST" skipped="0">
  <testcase classname="projectonetest.testcase_02signin" name="signinamezon" time="17.671"/>
  <system-out/>
</testsuite> <!-- projectonetest.testcase_02signin -->
