<?xml version="1.0" encoding="UTF-8"?>
<!-- Generated by org.testng.reporters.JUnitReportReporter -->
<testsuite hostname="Avnish-PC" failures="0" tests="1" name="projectonetest.testacse05_searchproudct" time="13.872" errors="0" timestamp="2024-05-16T16:05:22 IST" skipped="0">
  <testcase classname="projectonetest.testacse05_searchproudct" name="serachingtheproduct" time="13.872"/>
  <system-out/>
</testsuite> <!-- projectonetest.testacse05_searchproudct -->
