<?xml version="1.0" encoding="UTF-8"?>
<!-- Generated by org.testng.reporters.JUnitReportReporter -->
<testsuite hostname="Avnish-PC" failures="0" tests="1" name="projectonetest.testcase15_tillcart" time="36.279" errors="0" timestamp="2024-05-16T16:05:22 IST" skipped="0">
  <testcase classname="projectonetest.testcase15_tillcart" name="amezonewithoutlogin" time="36.279"/>
  <system-out/>
</testsuite> <!-- projectonetest.testcase15_tillcart -->
