<?xml version="1.0" encoding="UTF-8"?>
<!-- Generated by org.testng.reporters.JUnitReportReporter -->
<testsuite hostname="Avnish-PC" failures="0" tests="1" name="projectonetest.tescase9_addcart" time="47.905" errors="0" timestamp="2024-05-16T16:05:22 IST" skipped="0">
  <testcase classname="projectonetest.tescase9_addcart" name="addandcart" time="47.905"/>
  <system-out/>
</testsuite> <!-- projectonetest.tescase9_addcart -->
